2020-12-15 02:23:07.715  INFO 14788 --- [restartedMain] com.contacts.PhoneBookApplication        : Starting PhoneBookApplication using Java 1.8.0_261 on DESKTOP-VI5U1O2 with PID 14788 (C:\Users\siva\Documents\workspace-spring-tool-suite-4-4.8.1.RELEASE\phone-book\target\classes started by siva in C:\Users\siva\Documents\workspace-spring-tool-suite-4-4.8.1.RELEASE\phone-book)
2020-12-15 02:23:07.726  INFO 14788 --- [restartedMain] com.contacts.PhoneBookApplication        : No active profile set, falling back to default profiles: default
2020-12-15 02:23:07.817  INFO 14788 --- [restartedMain] .e.DevToolsPropertyDefaultsPostProcessor : Devtools property defaults active! Set 'spring.devtools.add-properties' to 'false' to disable
2020-12-15 02:23:07.818  INFO 14788 --- [restartedMain] .e.DevToolsPropertyDefaultsPostProcessor : For additional web related logging consider setting the 'logging.level.web' property to 'DEBUG'
2020-12-15 02:23:08.623  INFO 14788 --- [restartedMain] .s.d.r.c.RepositoryConfigurationDelegate : Bootstrapping Spring Data JPA repositories in DEFERRED mode.
2020-12-15 02:23:08.700  INFO 14788 --- [restartedMain] .s.d.r.c.RepositoryConfigurationDelegate : Finished Spring Data repository scanning in 65 ms. Found 1 JPA repository interfaces.
2020-12-15 02:23:09.742  INFO 14788 --- [restartedMain] o.s.b.w.embedded.tomcat.TomcatWebServer  : Tomcat initialized with port(s): 2020 (http)
2020-12-15 02:23:09.753  INFO 14788 --- [restartedMain] o.apache.catalina.core.StandardService   : Starting service [Tomcat]
2020-12-15 02:23:09.754  INFO 14788 --- [restartedMain] org.apache.catalina.core.StandardEngine  : Starting Servlet engine: [Apache Tomcat/9.0.39]
2020-12-15 02:23:10.091  INFO 14788 --- [restartedMain] org.apache.jasper.servlet.TldScanner     : At least one JAR was scanned for TLDs yet contained no TLDs. Enable debug logging for this logger for a complete list of JARs that were scanned but no TLDs were found in them. Skipping unneeded JARs during scanning can improve startup time and JSP compilation time.
2020-12-15 02:23:10.098  INFO 14788 --- [restartedMain] o.a.c.c.C.[Tomcat].[localhost].[/]       : Initializing Spring embedded WebApplicationContext
2020-12-15 02:23:10.099  INFO 14788 --- [restartedMain] w.s.c.ServletWebServerApplicationContext : Root WebApplicationContext: initialization completed in 2280 ms
2020-12-15 02:23:10.173  INFO 14788 --- [restartedMain] com.zaxxer.hikari.HikariDataSource       : HikariPool-1 - Starting...
2020-12-15 02:23:10.487  INFO 14788 --- [restartedMain] com.zaxxer.hikari.HikariDataSource       : HikariPool-1 - Start completed.
2020-12-15 02:23:10.494  INFO 14788 --- [restartedMain] o.s.b.a.h2.H2ConsoleAutoConfiguration    : H2 console available at '/h2-console'. Database available at 'jdbc:h2:mem:testdb'
2020-12-15 02:23:10.710  INFO 14788 --- [restartedMain] o.s.s.concurrent.ThreadPoolTaskExecutor  : Initializing ExecutorService 'applicationTaskExecutor'
2020-12-15 02:23:10.782  INFO 14788 --- [task-1] o.hibernate.jpa.internal.util.LogHelper  : HHH000204: Processing PersistenceUnitInfo [name: default]
2020-12-15 02:23:10.866  WARN 14788 --- [restartedMain] JpaBaseConfiguration$JpaWebConfiguration : spring.jpa.open-in-view is enabled by default. Therefore, database queries may be performed during view rendering. Explicitly configure spring.jpa.open-in-view to disable this warning
2020-12-15 02:23:10.889  INFO 14788 --- [task-1] org.hibernate.Version                    : HHH000412: Hibernate ORM core version 5.4.23.Final
2020-12-15 02:23:11.164  INFO 14788 --- [task-1] o.hibernate.annotations.common.Version   : HCANN000001: Hibernate Commons Annotations {5.1.2.Final}
2020-12-15 02:23:11.231  INFO 14788 --- [restartedMain] o.s.b.a.w.s.WelcomePageHandlerMapping    : Adding welcome page template: index
2020-12-15 02:23:11.430  INFO 14788 --- [task-1] org.hibernate.dialect.Dialect            : HHH000400: Using dialect: org.hibernate.dialect.H2Dialect
2020-12-15 02:23:11.466  INFO 14788 --- [restartedMain] o.s.b.d.a.OptionalLiveReloadServer       : LiveReload server is running on port 35729
2020-12-15 02:23:11.545  INFO 14788 --- [restartedMain] o.s.b.w.embedded.tomcat.TomcatWebServer  : Tomcat started on port(s): 2020 (http) with context path ''
2020-12-15 02:23:11.549  INFO 14788 --- [restartedMain] DeferredRepositoryInitializationListener : Triggering deferred initialization of Spring Data repositories…
2020-12-15 02:23:12.403  INFO 14788 --- [task-1] o.h.e.t.j.p.i.JtaPlatformInitiator       : HHH000490: Using JtaPlatform implementation: [org.hibernate.engine.transaction.jta.platform.internal.NoJtaPlatform]
2020-12-15 02:23:12.411  INFO 14788 --- [task-1] j.LocalContainerEntityManagerFactoryBean : Initialized JPA EntityManagerFactory for persistence unit 'default'
2020-12-15 02:23:12.823  INFO 14788 --- [restartedMain] DeferredRepositoryInitializationListener : Spring Data repositories initialized!
2020-12-15 02:23:13.035  INFO 14788 --- [restartedMain] com.contacts.PhoneBookApplication        : Started PhoneBookApplication in 5.86 seconds (JVM running for 6.572)
2020-12-15 02:24:11.054  INFO 14788 --- [http-nio-2020-exec-1] o.a.c.c.C.[Tomcat].[localhost].[/]       : Initializing Spring DispatcherServlet 'dispatcherServlet'
2020-12-15 02:24:11.054  INFO 14788 --- [http-nio-2020-exec-1] o.s.web.servlet.DispatcherServlet        : Initializing Servlet 'dispatcherServlet'
2020-12-15 02:24:11.057  INFO 14788 --- [http-nio-2020-exec-1] o.s.web.servlet.DispatcherServlet        : Completed initialization in 1 ms
2020-12-15 02:24:11.124  INFO 14788 --- [http-nio-2020-exec-1] c.contacts.controller.ContactController  : **************loadForm() executed successfully************
2020-12-15 02:24:15.212  INFO 14788 --- [http-nio-2020-exec-2] c.contacts.controller.ContactController  : ****Conatacts are not available in DB************
2020-12-15 02:24:15.212  INFO 14788 --- [http-nio-2020-exec-2] c.contacts.controller.ContactController  : **************Vew contacts execution successfully completed ************
2020-12-15 02:24:18.077  INFO 14788 --- [http-nio-2020-exec-4] c.contacts.controller.ContactController  : **************loadForm() executed successfully************
2020-12-15 02:24:23.173  INFO 14788 --- [http-nio-2020-exec-5] c.contacts.controller.ContactController  : **************SaveContact executed successfully************
2020-12-15 02:24:23.207  INFO 14788 --- [http-nio-2020-exec-7] c.contacts.controller.ContactController  : **************loadForm() executed successfully************
2020-12-15 02:24:24.561  INFO 14788 --- [http-nio-2020-exec-6] c.contacts.controller.ContactController  : **************Vew contacts execution successfully completed ************
2020-12-15 02:24:26.346  INFO 14788 --- [http-nio-2020-exec-8] c.contacts.controller.ContactController  : **************Edit contacts execution successfully completed ************
